\BOOKMARK [0][-]{section*.7}{\315ndice de tablas}{}% 1
\BOOKMARK [0][-]{section*.8}{\315ndice de figuras}{}% 2
\BOOKMARK [0][-]{section*.8}{Siglas}{}% 3
\BOOKMARK [0][-]{chapter*.9}{Lista de s\355mbolos}{}% 4
\BOOKMARK [0][-]{chapter.1}{Introducci\363n}{}% 5
\BOOKMARK [1][-]{section.1.1}{Consideraciones iniciales}{chapter.1}% 6
\BOOKMARK [1][-]{section.1.2}{Definici\363n del problema}{chapter.1}% 7
\BOOKMARK [1][-]{section.1.3}{Objetivos}{chapter.1}% 8
\BOOKMARK [1][-]{section.1.4}{Principales contribuciones}{chapter.1}% 9
\BOOKMARK [1][-]{section.1.5}{Organizaci\363n de la tesis}{chapter.1}% 10
\BOOKMARK [0][-]{chapter.2}{Consultas por similitud}{}% 11
\BOOKMARK [1][-]{section.2.1}{Consideraciones iniciales}{chapter.2}% 12
\BOOKMARK [1][-]{section.2.2}{Dominio de datos}{chapter.2}% 13
\BOOKMARK [2][-]{subsection.2.2.1}{Espacios M\351tricos}{section.2.2}% 14
\BOOKMARK [2][-]{subsection.2.2.2}{Espacios Multidimensionales}{section.2.2}% 15
\BOOKMARK [1][-]{section.2.3}{Consultas por Similitud}{chapter.2}% 16
\BOOKMARK [1][-]{section.2.4}{La Maldici\363n de la alta Dimensionalidad}{chapter.2}% 17
\BOOKMARK [1][-]{section.2.5}{B\372squeda aproximada de los vecinos m\341s cercanos \(ANN\)}{chapter.2}% 18
\BOOKMARK [2][-]{subsection.2.5.1}{Locality Sensitive Hashing}{section.2.5}% 19
\BOOKMARK [2][-]{subsection.2.5.2}{LSH con Projecci\363n Aleat\363ria}{section.2.5}% 20
\BOOKMARK [1][-]{section.2.6}{Consideraciones Finales}{chapter.2}% 21
\BOOKMARK [0][-]{section*.28}{Bibliograf\355a}{}% 22
