\BOOKMARK [0][-]{Doc-Start}{Abstract}{}% 1
\BOOKMARK [0][-]{chapter*.2}{Declaration}{}% 2
\BOOKMARK [0][-]{chapter*.3}{Acknowledgements}{}% 3
\BOOKMARK [0][-]{chapter.1}{Introducción}{}% 4
\BOOKMARK [1][-]{section.1.1}{Consideraciones\040iniciales}{chapter.1}% 5
\BOOKMARK [1][-]{section.1.2}{Definición del problema}{chapter.1}% 6
\BOOKMARK [1][-]{section.1.3}{Objetivos}{chapter.1}% 7
\BOOKMARK [1][-]{section.1.4}{Principales\040contribuciones}{chapter.1}% 8
\BOOKMARK [1][-]{section.1.5}{Organización de la tesis}{chapter.1}% 9
\BOOKMARK [0][-]{chapter.2}{Consultas\040por\040similitud}{}% 10
\BOOKMARK [1][-]{section.2.1}{Consideraciones\040iniciales}{chapter.2}% 11
\BOOKMARK [1][-]{section.2.2}{Dominio\040de\040datos}{chapter.2}% 12
\BOOKMARK [2][-]{subsection.2.2.1}{Espacios Métricos}{section.2.2}% 13
\BOOKMARK [2][-]{subsection.2.2.2}{Espacios\040Multidimensionales}{section.2.2}% 14
\BOOKMARK [1][-]{section.2.3}{Consultas\040por\040Similitud}{chapter.2}% 15
\BOOKMARK [1][-]{section.2.4}{La Maldición de la alta Dimensionalidad}{chapter.2}% 16
\BOOKMARK [1][-]{section.2.5}{Búsqueda aproximada de los vecinos más cercanos \(ANN\)}{chapter.2}% 17
\BOOKMARK [2][-]{subsection.2.5.1}{Locality\040Sensitive\040Hashing}{section.2.5}% 18
\BOOKMARK [2][-]{subsection.2.5.2}{LSH con Projección Aleatória}{section.2.5}% 19
\BOOKMARK [1][-]{section.2.6}{Otros métodos de codificación para la búsqueda del vecino más cercano}{chapter.2}% 20
\BOOKMARK [1][-]{section.2.7}{Consideraciones\040Finales}{chapter.2}% 21
\BOOKMARK [0][-]{chapter.3}{Mineria\040de\040Datos\040&\040Deep\040Learning\040}{}% 22
\BOOKMARK [1][-]{section.3.1}{Consideraciones\040Iniciales}{chapter.3}% 23
\BOOKMARK [1][-]{section.3.2}{KDD\040y\040Mineria\040de\040Datos}{chapter.3}% 24
\BOOKMARK [1][-]{section.3.3}{Aprendizaje de Máquina – Machine Learning }{chapter.3}% 25
\BOOKMARK [2][-]{subsection.3.3.1}{Redes\040Neuronales}{section.3.3}% 26
\BOOKMARK [1][-]{section.3.4}{Redes\040Neuronales\040Convolutivas\040\(CNN\)}{chapter.3}% 27
\BOOKMARK [2][-]{subsection.3.4.1}{Tipos\040de\040capas\040CNN}{section.3.4}% 28
\BOOKMARK [2][-]{subsection.3.4.2}{Aplicaciones\040de\040Redes\040Neuronales\040Convolutivas\040\(CNN\)}{section.3.4}% 29
\BOOKMARK [2][-]{subsection.3.4.3}{Sobre\040las\040Convoluciones}{section.3.4}% 30
\BOOKMARK [2][-]{subsection.3.4.4}{Agrupación Máxima o Max Pooling}{section.3.4}% 31
\BOOKMARK [1][-]{section.3.5}{Auto-codificadores}{chapter.3}% 32
\BOOKMARK [2][-]{subsection.3.5.1}{Compresión de data}{section.3.5}% 33
\BOOKMARK [1][-]{section.3.6}{Consideraciones\040Finales}{chapter.3}% 34
\BOOKMARK [0][-]{chapter.4}{Teoría Fractal}{}% 35
\BOOKMARK [1][-]{section.4.1}{Consideraciones\040Iniciales}{chapter.4}% 36
\BOOKMARK [1][-]{section.4.2}{Dimensión fractal}{chapter.4}% 37
\BOOKMARK [1][-]{section.4.3}{Algoritmo de Calculo de la Dimensión Fractal}{chapter.4}% 38
\BOOKMARK [1][-]{section.4.4}{Consideraciones\040Finales}{chapter.4}% 39
\BOOKMARK [0][-]{chapter.5}{Búsqueda aproximada vía deep hashing: Desempeño de métodos de representación y recuperación}{}% 40
\BOOKMARK [1][-]{section.5.1}{Consideraciones\040Iniciales}{chapter.5}% 41
\BOOKMARK [2][-]{subsection.5.1.1}{Approximate\040Nearest\040Neighbors\040&\040Deep\040Hashing}{section.5.1}% 42
\BOOKMARK [2][-]{subsection.5.1.2}{Protocolos de evaluación de recuperación}{section.5.1}% 43
\BOOKMARK [2][-]{subsection.5.1.3}{Dimensión fractal y reducción de dimensionalidad}{section.5.1}% 44
\BOOKMARK [2][-]{subsection.5.1.4}{Comparación de representaciones de datos}{section.5.1}% 45
\BOOKMARK [2][-]{subsection.5.1.5}{Comparación del rendimiento de recuperación}{section.5.1}% 46
\BOOKMARK [1][-]{section.5.2}{Conclusions}{chapter.5}% 47
\BOOKMARK [0][-]{chapter.6}{Deep\040Fractal\040based\040Hashing\040-\040DAsH}{}% 48
\BOOKMARK [1][-]{section.6.1}{Consideraciones\040Iniciales}{chapter.6}% 49
\BOOKMARK [2][-]{subsection.6.1.1}{Teoria\040del\040Fractal}{section.6.1}% 50
\BOOKMARK [1][-]{section.6.2}{Deep\040Fractal\040based\040Hashing\040-\040DAsH}{chapter.6}% 51
\BOOKMARK [2][-]{subsection.6.2.1}{Usando Fractales para estimar los parámetros LSH}{section.6.2}% 52
\BOOKMARK [1][-]{section.6.3}{Experimentos}{chapter.6}% 53
\BOOKMARK [2][-]{subsection.6.3.1}{Experimento 1: Sintonización de parámetros LSH}{section.6.3}% 54
\BOOKMARK [2][-]{subsection.6.3.2}{Rendimiento de Recuperación}{section.6.3}% 55
\BOOKMARK [1][-]{section.6.4}{Conclusions}{chapter.6}% 56
\BOOKMARK [0][-]{chapter.7}{Conclusiones\040y\040Trabajos\040Futuros}{}% 57
