\BOOKMARK [1][-]{chapter*.2}{Resumen}{}% 1
\BOOKMARK [1][-]{chapter*.2}{\315ndice}{}% 2
\BOOKMARK [1][-]{chapter*.4}{Lista de Figuras}{}% 3
\BOOKMARK [1][-]{chapter*.6}{Lista de Tablas}{}% 4
\BOOKMARK [1][-]{chapter*.7}{Lista de Algoritmos}{}% 5
\BOOKMARK [0][-]{chapter.8}{Introducci\363n}{}% 6
\BOOKMARK [1][-]{section.9}{Consideraciones iniciales}{chapter.8}% 7
\BOOKMARK [1][-]{section.10}{Definici\363n del problema}{chapter.8}% 8
\BOOKMARK [1][-]{section.11}{Objetivos}{chapter.8}% 9
\BOOKMARK [1][-]{section.12}{Principales contribuciones}{chapter.8}% 10
\BOOKMARK [1][-]{section.13}{Organizaci\363n de la tesis}{chapter.8}% 11
\BOOKMARK [0][-]{chapter.22}{Consultas por similitud}{}% 12
\BOOKMARK [1][-]{section.23}{Consideraciones iniciales}{chapter.22}% 13
\BOOKMARK [1][-]{section.27}{Dominio de datos}{chapter.22}% 14
\BOOKMARK [2][-]{subsection.28}{Espacios M\351tricos}{section.27}% 15
\BOOKMARK [2][-]{subsection.29}{Espacios Multidimensionales}{section.27}% 16
\BOOKMARK [1][-]{section.35}{Consultas por Similitud}{chapter.22}% 17
\BOOKMARK [1][-]{section.45}{La Maldici\363n de la alta Dimensionalidad}{chapter.22}% 18
\BOOKMARK [1][-]{section.46}{B\372squeda aproximada de los vecinos m\341s cercanos \(ANN\)}{chapter.22}% 19
\BOOKMARK [2][-]{subsection.47}{Locality Sensitive Hashing}{section.46}% 20
\BOOKMARK [2][-]{subsection.77}{LSH con Projecci\363n Aleat\363ria}{section.46}% 21
\BOOKMARK [1][-]{section.109}{Consideraciones Finales}{chapter.22}% 22
\BOOKMARK [0][-]{chapter.110}{Miner\355a de Datos \046 Deep Learning}{}% 23
\BOOKMARK [1][-]{section.111}{Consideraciones Iniciales}{chapter.110}% 24
\BOOKMARK [1][-]{section.113}{KDD y Mineria de Datos}{chapter.110}% 25
\BOOKMARK [1][-]{section.121}{Aprendizaje de M\341quina \205 Machine Learning }{chapter.110}% 26
\BOOKMARK [2][-]{subsection.122}{Redes Neuronales}{section.121}% 27
\BOOKMARK [2][-]{subsection.125}{Redes Neuronales Convolutivas \(CNN\)}{section.121}% 28
\BOOKMARK [2][-]{subsection.126}{Capas CNN}{section.121}% 29
\BOOKMARK [2][-]{subsection.127}{Sobre las Convoluciones}{section.121}% 30
\BOOKMARK [2][-]{subsection.136}{Agrupaci\363n M\341xima o Max Pooling}{section.121}% 31
\BOOKMARK [2][-]{subsection.138}{Aplicaciones de Redes Neuronales Convolutivas \(CNN\)}{section.121}% 32
\BOOKMARK [2][-]{subsection.139}{Aprendizaje no Supervisado}{section.121}% 33
\BOOKMARK [2][-]{subsection.140}{Compresi\363n de data}{section.121}% 34
\BOOKMARK [1][-]{section.146}{Consideraciones Finales}{chapter.110}% 35
\BOOKMARK [0][-]{chapter.147}{Teor\355a Fractal}{}% 36
\BOOKMARK [1][-]{section.148}{Consideraciones Iniciales}{chapter.147}% 37
\BOOKMARK [1][-]{section.152}{Dimensi\363n fractal}{chapter.147}% 38
\BOOKMARK [2][-]{subsection.156}{Teoria Fractal}{section.152}% 39
\BOOKMARK [1][-]{section.158}{Algoritmo de Calculo de la Dimensi\363n Fractal}{chapter.147}% 40
\BOOKMARK [0][-]{chapter.162}{B\372squeda aproximada v\355a Deep Hashing}{}% 41
\BOOKMARK [1][-]{section.163}{Consideraciones Iniciales}{chapter.162}% 42
\BOOKMARK [2][-]{subsection.165}{Approximate Nearest Neighbors \046 Deep Hashing}{section.163}% 43
\BOOKMARK [2][-]{subsection.168}{Protocolos de evaluaci\363n de recuperaci\363n}{section.163}% 44
\BOOKMARK [2][-]{subsection.169}{Dimensi\363n fractal y reducci\363n de dimensionalidad}{section.163}% 45
\BOOKMARK [2][-]{subsection.170}{Comparaci\363n de representaciones de datos}{section.163}% 46
\BOOKMARK [0][-]{chapter.178}{Deep Fractal based Hashing - DAsH}{}% 47
\BOOKMARK [1][-]{section.179}{Consideraciones Iniciales}{chapter.178}% 48
\BOOKMARK [1][-]{section.180}{Deep Fractal based Hashing - DAsH}{chapter.178}% 49
\BOOKMARK [2][-]{subsection.183}{Usando Fractales para estimar los par\341metros LSH}{section.180}% 50
\BOOKMARK [1][-]{section.189}{Experimentos}{chapter.178}% 51
\BOOKMARK [2][-]{subsection.190}{Experimento 1: Sintonizaci\363n de par\341metros LSH}{section.189}% 52
\BOOKMARK [2][-]{subsection.193}{Rendimiento de Recuperaci\363n}{section.189}% 53
\BOOKMARK [0][-]{chapter.194}{Conclusiones y Trabajos Futuros}{}% 54
\BOOKMARK [0][-]{chapter.194}{Referencias Bibliogr\341ficas}{}% 55
